# JRE version: OpenJDK Runtime Environment Temurin-17.0.13+11 (17.0.13+11) (build 17.0.13+11)
# Java VM: OpenJDK 64-Bit Server VM Temurin-17.0.13+11 (17.0.13+11, mixed mode, tiered, compressed oops, compressed class ptrs, parallel gc, windows-amd64)
GC Precious Log:
 CPUs: 4 total, 4 available
 Memory: 7975M
 Large Page Support: Disabled
 NUMA Support: Disabled
 Compressed Oops: Enabled (32-bit)
 Alignments: Space 512K, Generation 512K, Heap 2M
 Heap Min Capacity: 100M
 Heap Initial Capacity: 100M
 Heap Max Capacity: 1G
 Pre-touch: Disabled
 Parallel Workers: 4
Heap:
 PSYoungGen      total 13312K, used 7059K [0x00000000eab00000, 0x00000000ebc00000, 0x0000000100000000)
  eden space 11264K, 44% used [0x00000000eab00000,0x00000000eafe6648,0x00000000eb600000)
  from space 2048K, 99% used [0x00000000eba00000,0x00000000ebbfe840,0x00000000ebc00000)
  to   space 3584K, 0% used [0x00000000eb680000,0x00000000eb680000,0x00000000eba00000)
 ParOldGen       total 92672K, used 76107K [0x00000000c0000000, 0x00000000c5a80000, 0x00000000eab00000)
  object space 92672K, 82% used [0x00000000c0000000,0x00000000c4a52f78,0x00000000c5a80000)
 Metaspace       used 56014K, committed 57152K, reserved 1114112K
  class space    used 5984K, committed 6464K, reserved 1048576K
GC Heap History (20 events):
Event: 13.506 GC heap before
{Heap before GC invocations=35 (full 2):
 PSYoungGen      total 14848K, used 14497K [0x00000000eab00000, 0x00000000ebd80000, 0x0000000100000000)
  eden space 11264K, 100% used [0x00000000eab00000,0x00000000eb600000,0x00000000eb600000)
  from space 3584K, 90% used [0x00000000eba00000,0x00000000ebd284c8,0x00000000ebd80000)
  to   space 3584K, 0% used [0x00000000eb680000,0x00000000eb680000,0x00000000eba00000)
 ParOldGen       total 68608K, used 59085K [0x00000000c0000000, 0x00000000c4300000, 0x00000000eab00000)
  object space 68608K, 86% used [0x00000000c0000000,0x00000000c39b3460,0x00000000c4300000)
 Metaspace       used 53823K, committed 54976K, reserved 1114112K
  class space    used 5717K, committed 6208K, reserved 1048576K
}
Event: 13.509 GC heap after
{Heap after GC invocations=35 (full 2):
 PSYoungGen      total 13824K, used 2409K [0x00000000eab00000, 0x00000000ebc00000, 0x0000000100000000)
  eden space 11264K, 0% used [0x00000000eab00000,0x00000000eab00000,0x00000000eb600000)
  from space 2560K, 94% used [0x00000000eb680000,0x00000000eb8da7a0,0x00000000eb900000)
  to   space 3072K, 0% used [0x00000000eb900000,0x00000000eb900000,0x00000000ebc00000)
 ParOldGen       total 68608K, used 62223K [0x00000000c0000000, 0x00000000c4300000, 0x00000000eab00000)
  object space 68608K, 90% used [0x00000000c0000000,0x00000000c3cc3e18,0x00000000c4300000)
 Metaspace       used 53823K, committed 54976K, reserved 1114112K
  class space    used 5717K, committed 6208K, reserved 1048576K
}
Event: 13.569 GC heap before
{Heap before GC invocations=36 (full 2):
 PSYoungGen      total 13824K, used 13673K [0x00000000eab00000, 0x00000000ebc00000, 0x0000000100000000)
  eden space 11264K, 100% used [0x00000000eab00000,0x00000000eb600000,0x00000000eb600000)
  from space 2560K, 94% used [0x00000000eb680000,0x00000000eb8da7a0,0x00000000eb900000)
  to   space 3072K, 0% used [0x00000000eb900000,0x00000000eb900000,0x00000000ebc00000)
 ParOldGen       total 68608K, used 62223K [0x00000000c0000000, 0x00000000c4300000, 0x00000000eab00000)
  object space 68608K, 90% used [0x00000000c0000000,0x00000000c3cc3e18,0x00000000c4300000)
 Metaspace       used 53823K, committed 54976K, reserved 1114112K
  class space    used 5717K, committed 6208K, reserved 1048576K
}
Event: 13.573 GC heap after
{Heap after GC invocations=36 (full 2):
 PSYoungGen      total 13824K, used 2513K [0x00000000eab00000, 0x00000000ebb80000, 0x0000000100000000)
  eden space 11264K, 0% used [0x00000000eab00000,0x00000000eab00000,0x00000000eb600000)
  from space 2560K, 98% used [0x00000000eb900000,0x00000000ebb74430,0x00000000ebb80000)
  to   space 2560K, 0% used [0x00000000eb680000,0x00000000eb680000,0x00000000eb900000)
 ParOldGen       total 68608K, used 64534K [0x00000000c0000000, 0x00000000c4300000, 0x00000000eab00000)
  object space 68608K, 94% used [0x00000000c0000000,0x00000000c3f05870,0x00000000c4300000)
 Metaspace       used 53823K, committed 54976K, reserved 1114112K
  class space    used 5717K, committed 6208K, reserved 1048576K
}
Event: 13.634 GC heap before
{Heap before GC invocations=37 (full 2):
 PSYoungGen      total 13824K, used 13777K [0x00000000eab00000, 0x00000000ebb80000, 0x0000000100000000)
  eden space 11264K, 100% used [0x00000000eab00000,0x00000000eb600000,0x00000000eb600000)
  from space 2560K, 98% used [0x00000000eb900000,0x00000000ebb74430,0x00000000ebb80000)
  to   space 2560K, 0% used [0x00000000eb680000,0x00000000eb680000,0x00000000eb900000)
 ParOldGen       total 68608K, used 64534K [0x00000000c0000000, 0x00000000c4300000, 0x00000000eab00000)
  object space 68608K, 94% used [0x00000000c0000000,0x00000000c3f05870,0x00000000c4300000)
 Metaspace       used 53823K, committed 54976K, reserved 1114112K
  class space    used 5717K, committed 6208K, reserved 1048576K
}
Event: 13.637 GC heap after
{Heap after GC invocations=37 (full 2):
 PSYoungGen      total 13824K, used 2451K [0x00000000eab00000, 0x00000000ebb00000, 0x0000000100000000)
  eden space 11264K, 0% used [0x00000000eab00000,0x00000000eab00000,0x00000000eb600000)
  from space 2560K, 95% used [0x00000000eb680000,0x00000000eb8e4d40,0x00000000eb900000)
  to   space 2048K, 0% used [0x00000000eb900000,0x00000000eb900000,0x00000000ebb00000)
 ParOldGen       total 68608K, used 66901K [0x00000000c0000000, 0x00000000c4300000, 0x00000000eab00000)
  object space 68608K, 97% used [0x00000000c0000000,0x00000000c4155680,0x00000000c4300000)
 Metaspace       used 53823K, committed 54976K, reserved 1114112K
  class space    used 5717K, committed 6208K, reserved 1048576K
}
Event: 14.164 GC heap before
{Heap before GC invocations=38 (full 3):
 PSYoungGen      total 13824K, used 13715K [0x00000000eab00000, 0x00000000ebb00000, 0x0000000100000000)
  eden space 11264K, 100% used [0x00000000eab00000,0x00000000eb600000,0x00000000eb600000)
  from space 2560K, 95% used [0x00000000eb680000,0x00000000eb8e4d40,0x00000000eb900000)
  to   space 2048K, 0% used [0x00000000eb900000,0x00000000eb900000,0x00000000ebb00000)
 ParOldGen       total 68608K, used 66901K [0x00000000c0000000, 0x00000000c4300000, 0x00000000eab00000)
  object space 68608K, 97% used [0x00000000c0000000,0x00000000c4155680,0x00000000c4300000)
 Metaspace       used 53830K, committed 54976K, reserved 1114112K
  class space    used 5718K, committed 6208K, reserved 1048576K
}
Event: 14.271 GC heap after
{Heap after GC invocations=38 (full 3):
 PSYoungGen      total 13312K, used 0K [0x00000000eab00000, 0x00000000ebb00000, 0x0000000100000000)
  eden space 11264K, 0% used [0x00000000eab00000,0x00000000eab00000,0x00000000eb600000)
  from space 2048K, 0% used [0x00000000eb900000,0x00000000eb900000,0x00000000ebb00000)
  to   space 2560K, 0% used [0x00000000eb600000,0x00000000eb600000,0x00000000eb880000)
 ParOldGen       total 92672K, used 65173K [0x00000000c0000000, 0x00000000c5a80000, 0x00000000eab00000)
  object space 92672K, 70% used [0x00000000c0000000,0x00000000c3fa5558,0x00000000c5a80000)
 Metaspace       used 53830K, committed 54976K, reserved 1114112K
  class space    used 5718K, committed 6208K, reserved 1048576K
}
Event: 14.455 GC heap before
{Heap before GC invocations=39 (full 3):
 PSYoungGen      total 13312K, used 11264K [0x00000000eab00000, 0x00000000ebb00000, 0x0000000100000000)
  eden space 11264K, 100% used [0x00000000eab00000,0x00000000eb600000,0x00000000eb600000)
  from space 2048K, 0% used [0x00000000eb900000,0x00000000eb900000,0x00000000ebb00000)
  to   space 2560K, 0% used [0x00000000eb600000,0x00000000eb600000,0x00000000eb880000)
 ParOldGen       total 92672K, used 65173K [0x00000000c0000000, 0x00000000c5a80000, 0x00000000eab00000)
  object space 92672K, 70% used [0x00000000c0000000,0x00000000c3fa5558,0x00000000c5a80000)
 Metaspace       used 53832K, committed 54976K, reserved 1114112K
  class space    used 5718K, committed 6208K, reserved 1048576K
}
Event: 14.458 GC heap after
{Heap after GC invocations=39 (full 3):
 PSYoungGen      total 13824K, used 2553K [0x00000000eab00000, 0x00000000ebc00000, 0x0000000100000000)
  eden space 11264K, 0% used [0x00000000eab00000,0x00000000eab00000,0x00000000eb600000)
  from space 2560K, 99% used [0x00000000eb600000,0x00000000eb87e4e8,0x00000000eb880000)
  to   space 3072K, 0% used [0x00000000eb900000,0x00000000eb900000,0x00000000ebc00000)
 ParOldGen       total 92672K, used 65181K [0x00000000c0000000, 0x00000000c5a80000, 0x00000000eab00000)
  object space 92672K, 70% used [0x00000000c0000000,0x00000000c3fa7558,0x00000000c5a80000)
 Metaspace       used 53832K, committed 54976K, reserved 1114112K
  class space    used 5718K, committed 6208K, reserved 1048576K
}
Event: 14.511 GC heap before
{Heap before GC invocations=40 (full 3):
 PSYoungGen      total 13824K, used 13817K [0x00000000eab00000, 0x00000000ebc00000, 0x0000000100000000)
  eden space 11264K, 100% used [0x00000000eab00000,0x00000000eb600000,0x00000000eb600000)
  from space 2560K, 99% used [0x00000000eb600000,0x00000000eb87e4e8,0x00000000eb880000)
  to   space 3072K, 0% used [0x00000000eb900000,0x00000000eb900000,0x00000000ebc00000)
 ParOldGen       total 92672K, used 65181K [0x00000000c0000000, 0x00000000c5a80000, 0x00000000eab00000)
  object space 92672K, 70% used [0x00000000c0000000,0x00000000c3fa7558,0x00000000c5a80000)
 Metaspace       used 53832K, committed 54976K, reserved 1114112K
  class space    used 5718K, committed 6208K, reserved 1048576K
}
Event: 14.513 GC heap after
{Heap after GC invocations=40 (full 3):
 PSYoungGen      total 13824K, used 2535K [0x00000000eab00000, 0x00000000ebb80000, 0x0000000100000000)
  eden space 11264K, 0% used [0x00000000eab00000,0x00000000eab00000,0x00000000eb600000)
  from space 2560K, 99% used [0x00000000eb900000,0x00000000ebb79cd8,0x00000000ebb80000)
  to   space 2560K, 0% used [0x00000000eb600000,0x00000000eb600000,0x00000000eb880000)
 ParOldGen       total 92672K, used 67647K [0x00000000c0000000, 0x00000000c5a80000, 0x00000000eab00000)
  object space 92672K, 72% used [0x00000000c0000000,0x00000000c420ff90,0x00000000c5a80000)
 Metaspace       used 53832K, committed 54976K, reserved 1114112K
  class space    used 5718K, committed 6208K, reserved 1048576K
}
Event: 14.838 GC heap before
{Heap before GC invocations=41 (full 3):
 PSYoungGen      total 13824K, used 13799K [0x00000000eab00000, 0x00000000ebb80000, 0x0000000100000000)
  eden space 11264K, 100% used [0x00000000eab00000,0x00000000eb600000,0x00000000eb600000)
  from space 2560K, 99% used [0x00000000eb900000,0x00000000ebb79cd8,0x00000000ebb80000)
  to   space 2560K, 0% used [0x00000000eb600000,0x00000000eb600000,0x00000000eb880000)
 ParOldGen       total 92672K, used 67647K [0x00000000c0000000, 0x00000000c5a80000, 0x00000000eab00000)
  object space 92672K, 72% used [0x00000000c0000000,0x00000000c420ff90,0x00000000c5a80000)
 Metaspace       used 53938K, committed 55040K, reserved 1114112K
  class space    used 5731K, committed 6208K, reserved 1048576K
}
Event: 14.840 GC heap after
{Heap after GC invocations=41 (full 3):
 PSYoungGen      total 13824K, used 2559K [0x00000000eab00000, 0x00000000ec100000, 0x0000000100000000)
  eden space 11264K, 0% used [0x00000000eab00000,0x00000000eab00000,0x00000000eb600000)
  from space 2560K, 99% used [0x00000000eb600000,0x00000000eb87ff30,0x00000000eb880000)
  to   space 5632K, 0% used [0x00000000ebb80000,0x00000000ebb80000,0x00000000ec100000)
 ParOldGen       total 92672K, used 70233K [0x00000000c0000000, 0x00000000c5a80000, 0x00000000eab00000)
  object space 92672K, 75% used [0x00000000c0000000,0x00000000c4496488,0x00000000c5a80000)
 Metaspace       used 53938K, committed 55040K, reserved 1114112K
  class space    used 5731K, committed 6208K, reserved 1048576K
}
Event: 15.198 GC heap before
{Heap before GC invocations=42 (full 3):
 PSYoungGen      total 13824K, used 13823K [0x00000000eab00000, 0x00000000ec100000, 0x0000000100000000)
  eden space 11264K, 100% used [0x00000000eab00000,0x00000000eb600000,0x00000000eb600000)
  from space 2560K, 99% used [0x00000000eb600000,0x00000000eb87ff30,0x00000000eb880000)
  to   space 5632K, 0% used [0x00000000ebb80000,0x00000000ebb80000,0x00000000ec100000)
 ParOldGen       total 92672K, used 70233K [0x00000000c0000000, 0x00000000c5a80000, 0x00000000eab00000)
  object space 92672K, 75% used [0x00000000c0000000,0x00000000c4496488,0x00000000c5a80000)
 Metaspace       used 54961K, committed 56128K, reserved 1114112K
  class space    used 5875K, committed 6400K, reserved 1048576K
}
Event: 15.201 GC heap after
{Heap after GC invocations=42 (full 3):
 PSYoungGen      total 13312K, used 1902K [0x00000000eab00000, 0x00000000ebd80000, 0x0000000100000000)
  eden space 11264K, 0% used [0x00000000eab00000,0x00000000eab00000,0x00000000eb600000)
  from space 2048K, 92% used [0x00000000ebb80000,0x00000000ebd5ba18,0x00000000ebd80000)
  to   space 3584K, 0% used [0x00000000eb680000,0x00000000eb680000,0x00000000eba00000)
 ParOldGen       total 92672K, used 72758K [0x00000000c0000000, 0x00000000c5a80000, 0x00000000eab00000)
  object space 92672K, 78% used [0x00000000c0000000,0x00000000c470daa8,0x00000000c5a80000)
 Metaspace       used 54961K, committed 56128K, reserved 1114112K
  class space    used 5875K, committed 6400K, reserved 1048576K
}
Event: 15.603 GC heap before
{Heap before GC invocations=43 (full 3):
 PSYoungGen      total 13312K, used 13166K [0x00000000eab00000, 0x00000000ebd80000, 0x0000000100000000)
  eden space 11264K, 100% used [0x00000000eab00000,0x00000000eb600000,0x00000000eb600000)
  from space 2048K, 92% used [0x00000000ebb80000,0x00000000ebd5ba18,0x00000000ebd80000)
  to   space 3584K, 0% used [0x00000000eb680000,0x00000000eb680000,0x00000000eba00000)
 ParOldGen       total 92672K, used 72758K [0x00000000c0000000, 0x00000000c5a80000, 0x00000000eab00000)
  object space 92672K, 78% used [0x00000000c0000000,0x00000000c470daa8,0x00000000c5a80000)
 Metaspace       used 55392K, committed 56576K, reserved 1114112K
  class space    used 5925K, committed 6464K, reserved 1048576K
}
Event: 15.605 GC heap after
{Heap after GC invocations=43 (full 3):
 PSYoungGen      total 14848K, used 1501K [0x00000000eab00000, 0x00000000ebc00000, 0x0000000100000000)
  eden space 11264K, 0% used [0x00000000eab00000,0x00000000eab00000,0x00000000eb600000)
  from space 3584K, 41% used [0x00000000eb680000,0x00000000eb7f7708,0x00000000eba00000)
  to   space 2048K, 0% used [0x00000000eba00000,0x00000000eba00000,0x00000000ebc00000)
 ParOldGen       total 92672K, used 74557K [0x00000000c0000000, 0x00000000c5a80000, 0x00000000eab00000)
  object space 92672K, 80% used [0x00000000c0000000,0x00000000c48cf6a8,0x00000000c5a80000)
 Metaspace       used 55392K, committed 56576K, reserved 1114112K
  class space    used 5925K, committed 6464K, reserved 1048576K
}
Event: 17.602 GC heap before
{Heap before GC invocations=44 (full 3):
 PSYoungGen      total 14848K, used 12765K [0x00000000eab00000, 0x00000000ebc00000, 0x0000000100000000)
  eden space 11264K, 99% used [0x00000000eab00000,0x00000000eb5ffff8,0x00000000eb600000)
  from space 3584K, 41% used [0x00000000eb680000,0x00000000eb7f7708,0x00000000eba00000)
  to   space 2048K, 0% used [0x00000000eba00000,0x00000000eba00000,0x00000000ebc00000)
 ParOldGen       total 92672K, used 74557K [0x00000000c0000000, 0x00000000c5a80000, 0x00000000eab00000)
  object space 92672K, 80% used [0x00000000c0000000,0x00000000c48cf6a8,0x00000000c5a80000)
 Metaspace       used 55478K, committed 56704K, reserved 1114112K
  class space    used 5934K, committed 6464K, reserved 1048576K
}
Event: 17.606 GC heap after
{Heap after GC invocations=44 (full 3):
 PSYoungGen      total 13312K, used 2042K [0x00000000eab00000, 0x00000000ebc00000, 0x0000000100000000)
  eden space 11264K, 0% used [0x00000000eab00000,0x00000000eab00000,0x00000000eb600000)
  from space 2048K, 99% used [0x00000000eba00000,0x00000000ebbfe840,0x00000000ebc00000)
  to   space 3584K, 0% used [0x00000000eb680000,0x00000000eb680000,0x00000000eba00000)
 ParOldGen       total 92672K, used 76107K [0x00000000c0000000, 0x00000000c5a80000, 0x00000000eab00000)
  object space 92672K, 82% used [0x00000000c0000000,0x00000000c4a52f78,0x00000000c5a80000)
 Metaspace       used 55478K, committed 56704K, reserved 1114112K
  class space    used 5934K, committed 6464K, reserved 1048576K
}

