# JRE version: OpenJDK Runtime Environment Temurin-17.0.13+11 (17.0.13+11) (build 17.0.13+11)
# Java VM: OpenJDK 64-Bit Server VM Temurin-17.0.13+11 (17.0.13+11, mixed mode, tiered, compressed oops, compressed class ptrs, parallel gc, windows-amd64)
GC Precious Log:
 CPUs: 4 total, 4 available
 Memory: 7975M
 Large Page Support: Disabled
 NUMA Support: Disabled
 Compressed Oops: Enabled (32-bit)
 Alignments: Space 512K, Generation 512K, Heap 2M
 Heap Min Capacity: 100M
 Heap Initial Capacity: 100M
 Heap Max Capacity: 1G
 Pre-touch: Disabled
 Parallel Workers: 4
Heap:
 PSYoungGen      total 17920K, used 14769K [0x00000000eab00000, 0x00000000ec400000, 0x0000000100000000)
  eden space 14336K, 78% used [0x00000000eab00000,0x00000000eb5f07d0,0x00000000eb900000)
  from space 3584K, 99% used [0x00000000eb900000,0x00000000ebc7c008,0x00000000ebc80000)
  to   space 5120K, 0% used [0x00000000ebf00000,0x00000000ebf00000,0x00000000ec400000)
 ParOldGen       total 451072K, used 420414K [0x00000000c0000000, 0x00000000db880000, 0x00000000eab00000)
  object space 451072K, 93% used [0x00000000c0000000,0x00000000d9a8f9d0,0x00000000db880000)
 Metaspace       used 77412K, committed 78848K, reserved 1179648K
  class space    used 7900K, committed 8576K, reserved 1048576K
GC Heap History (20 events):
Event: 122.169 GC heap before
{Heap before GC invocations=418 (full 16):
 PSYoungGen      total 9216K, used 9209K [0x00000000eab00000, 0x00000000eb780000, 0x0000000100000000)
  eden space 8192K, 100% used [0x00000000eab00000,0x00000000eb300000,0x00000000eb300000)
  from space 1024K, 99% used [0x00000000eb300000,0x00000000eb3fe7b0,0x00000000eb400000)
  to   space 2048K, 0% used [0x00000000eb580000,0x00000000eb580000,0x00000000eb780000)
 ParOldGen       total 451072K, used 409587K [0x00000000c0000000, 0x00000000db880000, 0x00000000eab00000)
  object space 451072K, 90% used [0x00000000c0000000,0x00000000d8ffcee8,0x00000000db880000)
 Metaspace       used 77409K, committed 78848K, reserved 1179648K
  class space    used 7900K, committed 8576K, reserved 1048576K
}
Event: 122.171 GC heap after
{Heap after GC invocations=418 (full 16):
 PSYoungGen      total 10752K, used 1768K [0x00000000eab00000, 0x00000000eb800000, 0x0000000100000000)
  eden space 8704K, 0% used [0x00000000eab00000,0x00000000eab00000,0x00000000eb380000)
  from space 2048K, 86% used [0x00000000eb580000,0x00000000eb73a1f0,0x00000000eb780000)
  to   space 2048K, 0% used [0x00000000eb380000,0x00000000eb380000,0x00000000eb580000)
 ParOldGen       total 451072K, used 409875K [0x00000000c0000000, 0x00000000db880000, 0x00000000eab00000)
  object space 451072K, 90% used [0x00000000c0000000,0x00000000d9044ee8,0x00000000db880000)
 Metaspace       used 77409K, committed 78848K, reserved 1179648K
  class space    used 7900K, committed 8576K, reserved 1048576K
}
Event: 122.199 GC heap before
{Heap before GC invocations=419 (full 16):
 PSYoungGen      total 10752K, used 10472K [0x00000000eab00000, 0x00000000eb800000, 0x0000000100000000)
  eden space 8704K, 100% used [0x00000000eab00000,0x00000000eb380000,0x00000000eb380000)
  from space 2048K, 86% used [0x00000000eb580000,0x00000000eb73a1f0,0x00000000eb780000)
  to   space 2048K, 0% used [0x00000000eb380000,0x00000000eb380000,0x00000000eb580000)
 ParOldGen       total 451072K, used 409875K [0x00000000c0000000, 0x00000000db880000, 0x00000000eab00000)
  object space 451072K, 90% used [0x00000000c0000000,0x00000000d9044ee8,0x00000000db880000)
 Metaspace       used 77409K, committed 78848K, reserved 1179648K
  class space    used 7900K, committed 8576K, reserved 1048576K
}
Event: 122.203 GC heap after
{Heap after GC invocations=419 (full 16):
 PSYoungGen      total 10752K, used 2046K [0x00000000eab00000, 0x00000000eba80000, 0x0000000100000000)
  eden space 8704K, 0% used [0x00000000eab00000,0x00000000eab00000,0x00000000eb380000)
  from space 2048K, 99% used [0x00000000eb380000,0x00000000eb57f9f8,0x00000000eb580000)
  to   space 3072K, 0% used [0x00000000eb780000,0x00000000eb780000,0x00000000eba80000)
 ParOldGen       total 451072K, used 410579K [0x00000000c0000000, 0x00000000db880000, 0x00000000eab00000)
  object space 451072K, 91% used [0x00000000c0000000,0x00000000d90f4ee8,0x00000000db880000)
 Metaspace       used 77409K, committed 78848K, reserved 1179648K
  class space    used 7900K, committed 8576K, reserved 1048576K
}
Event: 122.231 GC heap before
{Heap before GC invocations=420 (full 16):
 PSYoungGen      total 10752K, used 10750K [0x00000000eab00000, 0x00000000eba80000, 0x0000000100000000)
  eden space 8704K, 100% used [0x00000000eab00000,0x00000000eb380000,0x00000000eb380000)
  from space 2048K, 99% used [0x00000000eb380000,0x00000000eb57f9f8,0x00000000eb580000)
  to   space 3072K, 0% used [0x00000000eb780000,0x00000000eb780000,0x00000000eba80000)
 ParOldGen       total 451072K, used 410579K [0x00000000c0000000, 0x00000000db880000, 0x00000000eab00000)
  object space 451072K, 91% used [0x00000000c0000000,0x00000000d90f4ee8,0x00000000db880000)
 Metaspace       used 77409K, committed 78848K, reserved 1179648K
  class space    used 7900K, committed 8576K, reserved 1048576K
}
Event: 122.234 GC heap after
{Heap after GC invocations=420 (full 16):
 PSYoungGen      total 12288K, used 2124K [0x00000000eab00000, 0x00000000eba00000, 0x0000000100000000)
  eden space 9728K, 0% used [0x00000000eab00000,0x00000000eab00000,0x00000000eb480000)
  from space 2560K, 82% used [0x00000000eb780000,0x00000000eb993008,0x00000000eba00000)
  to   space 2560K, 0% used [0x00000000eb500000,0x00000000eb500000,0x00000000eb780000)
 ParOldGen       total 451072K, used 411874K [0x00000000c0000000, 0x00000000db880000, 0x00000000eab00000)
  object space 451072K, 91% used [0x00000000c0000000,0x00000000d92389a8,0x00000000db880000)
 Metaspace       used 77409K, committed 78848K, reserved 1179648K
  class space    used 7900K, committed 8576K, reserved 1048576K
}
Event: 122.287 GC heap before
{Heap before GC invocations=421 (full 16):
 PSYoungGen      total 12288K, used 11852K [0x00000000eab00000, 0x00000000eba00000, 0x0000000100000000)
  eden space 9728K, 100% used [0x00000000eab00000,0x00000000eb480000,0x00000000eb480000)
  from space 2560K, 82% used [0x00000000eb780000,0x00000000eb993008,0x00000000eba00000)
  to   space 2560K, 0% used [0x00000000eb500000,0x00000000eb500000,0x00000000eb780000)
 ParOldGen       total 451072K, used 411874K [0x00000000c0000000, 0x00000000db880000, 0x00000000eab00000)
  object space 451072K, 91% used [0x00000000c0000000,0x00000000d92389a8,0x00000000db880000)
 Metaspace       used 77409K, committed 78848K, reserved 1179648K
  class space    used 7900K, committed 8576K, reserved 1048576K
}
Event: 122.289 GC heap after
{Heap after GC invocations=421 (full 16):
 PSYoungGen      total 12800K, used 2540K [0x00000000eab00000, 0x00000000ebc80000, 0x0000000100000000)
  eden space 10240K, 0% used [0x00000000eab00000,0x00000000eab00000,0x00000000eb500000)
  from space 2560K, 99% used [0x00000000eb500000,0x00000000eb77b008,0x00000000eb780000)
  to   space 3584K, 0% used [0x00000000eb900000,0x00000000eb900000,0x00000000ebc80000)
 ParOldGen       total 451072K, used 412570K [0x00000000c0000000, 0x00000000db880000, 0x00000000eab00000)
  object space 451072K, 91% used [0x00000000c0000000,0x00000000d92e69a8,0x00000000db880000)
 Metaspace       used 77409K, committed 78848K, reserved 1179648K
  class space    used 7900K, committed 8576K, reserved 1048576K
}
Event: 122.322 GC heap before
{Heap before GC invocations=422 (full 16):
 PSYoungGen      total 12800K, used 12780K [0x00000000eab00000, 0x00000000ebc80000, 0x0000000100000000)
  eden space 10240K, 100% used [0x00000000eab00000,0x00000000eb500000,0x00000000eb500000)
  from space 2560K, 99% used [0x00000000eb500000,0x00000000eb77b008,0x00000000eb780000)
  to   space 3584K, 0% used [0x00000000eb900000,0x00000000eb900000,0x00000000ebc80000)
 ParOldGen       total 451072K, used 412570K [0x00000000c0000000, 0x00000000db880000, 0x00000000eab00000)
  object space 451072K, 91% used [0x00000000c0000000,0x00000000d92e69a8,0x00000000db880000)
 Metaspace       used 77409K, committed 78848K, reserved 1179648K
  class space    used 7900K, committed 8576K, reserved 1048576K
}
Event: 122.326 GC heap after
{Heap after GC invocations=422 (full 16):
 PSYoungGen      total 14336K, used 2589K [0x00000000eab00000, 0x00000000ebc00000, 0x0000000100000000)
  eden space 11264K, 0% used [0x00000000eab00000,0x00000000eab00000,0x00000000eb600000)
  from space 3072K, 84% used [0x00000000eb900000,0x00000000ebb87418,0x00000000ebc00000)
  to   space 3072K, 0% used [0x00000000eb600000,0x00000000eb600000,0x00000000eb900000)
 ParOldGen       total 451072K, used 414026K [0x00000000c0000000, 0x00000000db880000, 0x00000000eab00000)
  object space 451072K, 91% used [0x00000000c0000000,0x00000000d94529a8,0x00000000db880000)
 Metaspace       used 77409K, committed 78848K, reserved 1179648K
  class space    used 7900K, committed 8576K, reserved 1048576K
}
Event: 122.394 GC heap before
{Heap before GC invocations=423 (full 16):
 PSYoungGen      total 14336K, used 13853K [0x00000000eab00000, 0x00000000ebc00000, 0x0000000100000000)
  eden space 11264K, 100% used [0x00000000eab00000,0x00000000eb600000,0x00000000eb600000)
  from space 3072K, 84% used [0x00000000eb900000,0x00000000ebb87418,0x00000000ebc00000)
  to   space 3072K, 0% used [0x00000000eb600000,0x00000000eb600000,0x00000000eb900000)
 ParOldGen       total 451072K, used 414026K [0x00000000c0000000, 0x00000000db880000, 0x00000000eab00000)
  object space 451072K, 91% used [0x00000000c0000000,0x00000000d94529a8,0x00000000db880000)
 Metaspace       used 77409K, committed 78848K, reserved 1179648K
  class space    used 7900K, committed 8576K, reserved 1048576K
}
Event: 122.396 GC heap after
{Heap after GC invocations=423 (full 16):
 PSYoungGen      total 14336K, used 3064K [0x00000000eab00000, 0x00000000ebf00000, 0x0000000100000000)
  eden space 11264K, 0% used [0x00000000eab00000,0x00000000eab00000,0x00000000eb600000)
  from space 3072K, 99% used [0x00000000eb600000,0x00000000eb8fe008,0x00000000eb900000)
  to   space 4096K, 0% used [0x00000000ebb00000,0x00000000ebb00000,0x00000000ebf00000)
 ParOldGen       total 451072K, used 414726K [0x00000000c0000000, 0x00000000db880000, 0x00000000eab00000)
  object space 451072K, 91% used [0x00000000c0000000,0x00000000d9501bb0,0x00000000db880000)
 Metaspace       used 77409K, committed 78848K, reserved 1179648K
  class space    used 7900K, committed 8576K, reserved 1048576K
}
Event: 122.435 GC heap before
{Heap before GC invocations=424 (full 16):
 PSYoungGen      total 14336K, used 14328K [0x00000000eab00000, 0x00000000ebf00000, 0x0000000100000000)
  eden space 11264K, 100% used [0x00000000eab00000,0x00000000eb600000,0x00000000eb600000)
  from space 3072K, 99% used [0x00000000eb600000,0x00000000eb8fe008,0x00000000eb900000)
  to   space 4096K, 0% used [0x00000000ebb00000,0x00000000ebb00000,0x00000000ebf00000)
 ParOldGen       total 451072K, used 414726K [0x00000000c0000000, 0x00000000db880000, 0x00000000eab00000)
  object space 451072K, 91% used [0x00000000c0000000,0x00000000d9501bb0,0x00000000db880000)
 Metaspace       used 77409K, committed 78848K, reserved 1179648K
  class space    used 7900K, committed 8576K, reserved 1048576K
}
Event: 122.438 GC heap after
{Heap after GC invocations=424 (full 16):
 PSYoungGen      total 15360K, used 2592K [0x00000000eab00000, 0x00000000ebe00000, 0x0000000100000000)
  eden space 12288K, 0% used [0x00000000eab00000,0x00000000eab00000,0x00000000eb700000)
  from space 3072K, 84% used [0x00000000ebb00000,0x00000000ebd88000,0x00000000ebe00000)
  to   space 3072K, 0% used [0x00000000eb800000,0x00000000eb800000,0x00000000ebb00000)
 ParOldGen       total 451072K, used 416598K [0x00000000c0000000, 0x00000000db880000, 0x00000000eab00000)
  object space 451072K, 92% used [0x00000000c0000000,0x00000000d96d5bb8,0x00000000db880000)
 Metaspace       used 77409K, committed 78848K, reserved 1179648K
  class space    used 7900K, committed 8576K, reserved 1048576K
}
Event: 122.483 GC heap before
{Heap before GC invocations=425 (full 16):
 PSYoungGen      total 15360K, used 14880K [0x00000000eab00000, 0x00000000ebe00000, 0x0000000100000000)
  eden space 12288K, 100% used [0x00000000eab00000,0x00000000eb700000,0x00000000eb700000)
  from space 3072K, 84% used [0x00000000ebb00000,0x00000000ebd88000,0x00000000ebe00000)
  to   space 3072K, 0% used [0x00000000eb800000,0x00000000eb800000,0x00000000ebb00000)
 ParOldGen       total 451072K, used 416598K [0x00000000c0000000, 0x00000000db880000, 0x00000000eab00000)
  object space 451072K, 92% used [0x00000000c0000000,0x00000000d96d5bb8,0x00000000db880000)
 Metaspace       used 77411K, committed 78848K, reserved 1179648K
  class space    used 7900K, committed 8576K, reserved 1048576K
}
Event: 122.486 GC heap after
{Heap after GC invocations=425 (full 16):
 PSYoungGen      total 16384K, used 3072K [0x00000000eab00000, 0x00000000ec100000, 0x0000000100000000)
  eden space 13312K, 0% used [0x00000000eab00000,0x00000000eab00000,0x00000000eb800000)
  from space 3072K, 100% used [0x00000000eb800000,0x00000000ebb00000,0x00000000ebb00000)
  to   space 4608K, 0% used [0x00000000ebc80000,0x00000000ebc80000,0x00000000ec100000)
 ParOldGen       total 451072K, used 417483K [0x00000000c0000000, 0x00000000db880000, 0x00000000eab00000)
  object space 451072K, 92% used [0x00000000c0000000,0x00000000d97b2dc0,0x00000000db880000)
 Metaspace       used 77411K, committed 78848K, reserved 1179648K
  class space    used 7900K, committed 8576K, reserved 1048576K
}
Event: 122.688 GC heap before
{Heap before GC invocations=426 (full 16):
 PSYoungGen      total 16384K, used 16384K [0x00000000eab00000, 0x00000000ec100000, 0x0000000100000000)
  eden space 13312K, 100% used [0x00000000eab00000,0x00000000eb800000,0x00000000eb800000)
  from space 3072K, 100% used [0x00000000eb800000,0x00000000ebb00000,0x00000000ebb00000)
  to   space 4608K, 0% used [0x00000000ebc80000,0x00000000ebc80000,0x00000000ec100000)
 ParOldGen       total 451072K, used 417483K [0x00000000c0000000, 0x00000000db880000, 0x00000000eab00000)
  object space 451072K, 92% used [0x00000000c0000000,0x00000000d97b2dc0,0x00000000db880000)
 Metaspace       used 77412K, committed 78848K, reserved 1179648K
  class space    used 7900K, committed 8576K, reserved 1048576K
}
Event: 122.694 GC heap after
{Heap after GC invocations=426 (full 16):
 PSYoungGen      total 17920K, used 3280K [0x00000000eab00000, 0x00000000ec000000, 0x0000000100000000)
  eden space 14336K, 0% used [0x00000000eab00000,0x00000000eab00000,0x00000000eb900000)
  from space 3584K, 91% used [0x00000000ebc80000,0x00000000ebfb4008,0x00000000ec000000)
  to   space 3584K, 0% used [0x00000000eb900000,0x00000000eb900000,0x00000000ebc80000)
 ParOldGen       total 451072K, used 419206K [0x00000000c0000000, 0x00000000db880000, 0x00000000eab00000)
  object space 451072K, 92% used [0x00000000c0000000,0x00000000d99619d0,0x00000000db880000)
 Metaspace       used 77412K, committed 78848K, reserved 1179648K
  class space    used 7900K, committed 8576K, reserved 1048576K
}
Event: 122.821 GC heap before
{Heap before GC invocations=427 (full 16):
 PSYoungGen      total 17920K, used 17616K [0x00000000eab00000, 0x00000000ec000000, 0x0000000100000000)
  eden space 14336K, 100% used [0x00000000eab00000,0x00000000eb900000,0x00000000eb900000)
  from space 3584K, 91% used [0x00000000ebc80000,0x00000000ebfb4008,0x00000000ec000000)
  to   space 3584K, 0% used [0x00000000eb900000,0x00000000eb900000,0x00000000ebc80000)
 ParOldGen       total 451072K, used 419206K [0x00000000c0000000, 0x00000000db880000, 0x00000000eab00000)
  object space 451072K, 92% used [0x00000000c0000000,0x00000000d99619d0,0x00000000db880000)
 Metaspace       used 77412K, committed 78848K, reserved 1179648K
  class space    used 7900K, committed 8576K, reserved 1048576K
}
Event: 122.824 GC heap after
{Heap after GC invocations=427 (full 16):
 PSYoungGen      total 17920K, used 3568K [0x00000000eab00000, 0x00000000ec400000, 0x0000000100000000)
  eden space 14336K, 0% used [0x00000000eab00000,0x00000000eab00000,0x00000000eb900000)
  from space 3584K, 99% used [0x00000000eb900000,0x00000000ebc7c008,0x00000000ebc80000)
  to   space 5120K, 0% used [0x00000000ebf00000,0x00000000ebf00000,0x00000000ec400000)
 ParOldGen       total 451072K, used 420414K [0x00000000c0000000, 0x00000000db880000, 0x00000000eab00000)
  object space 451072K, 93% used [0x00000000c0000000,0x00000000d9a8f9d0,0x00000000db880000)
 Metaspace       used 77412K, committed 78848K, reserved 1179648K
  class space    used 7900K, committed 8576K, reserved 1048576K
}

